\BOOKMARK [0][-]{titulo.0}{P\341gina de T\355tulo}{}% 1
\BOOKMARK [0][-]{indices.0}{\315ndices}{}% 2
\BOOKMARK [1][-]{tabla de contenidos.1}{Tabla de Contenidos}{indices.0}% 3
\BOOKMARK [1][-]{indice de figuras.1}{\315ndice de figuras}{indices.0}% 4
\BOOKMARK [1][-]{indice de tablas.1}{\315ndice de tablas}{indices.0}% 5
\BOOKMARK [0][-]{chapter.9}{Introduction}{}% 6
\BOOKMARK [0][-]{chapter.10}{Introducci\363n}{}% 7
\BOOKMARK [1][-]{section.11}{Motivaci\363n}{chapter.10}% 8
\BOOKMARK [2][-]{subsection.12}{Objetivos}{section.11}% 9
\BOOKMARK [0][-]{chapter.14}{Estado de la Cuesti\363n}{}% 10
\BOOKMARK [1][-]{section.15}{Sistemas Aumentativos y Alternativos de Comunicaci\363n}{chapter.14}% 11
\BOOKMARK [1][-]{section.22}{Pictogramas}{chapter.14}% 12
\BOOKMARK [2][-]{subsection.28}{ARASAAC}{section.22}% 13
\BOOKMARK [1][-]{section.30}{Creaci\363n de lenguaje escrito}{chapter.14}% 14
\BOOKMARK [1][-]{section.31}{Servicios Web}{chapter.14}% 15
\BOOKMARK [0][-]{chapter.32}{Herramientas}{}% 16
\BOOKMARK [1][-]{section.33}{SimpleNLG-ES}{chapter.32}% 17
\BOOKMARK [0][-]{chapter.34}{Conclusiones y Trabajo Futuro}{}% 18
\BOOKMARK [0][-]{chapter.35}{Conclusions and Future Work}{}% 19
\BOOKMARK [0][-]{appendix.36}{T\355tulo}{}% 20
\BOOKMARK [0][-]{appendix.37}{T\355tulo}{}% 21
\BOOKMARK [0][-]{fin.0}{Fin}{}% 22
